SF:lib/src/domain/content.dart
DA:8,1
DA:21,1
DA:34,1
DA:48,1
DA:49,1
DA:51,1
DA:52,0
DA:73,1
DA:74,2
DA:75,0
DA:76,0
DA:77,0
DA:78,0
DA:82,1
DA:83,1
DA:84,1
DA:85,1
DA:86,1
DA:91,0
DA:92,0
DA:101,0
DA:104,1
DA:105,2
DA:109,1
DA:115,1
DA:116,1
DA:119,0
DA:120,0
DA:123,0
DA:124,0
DA:127,0
DA:129,0
DA:130,0
DA:137,0
DA:138,0
DA:151,1
DA:157,1
DA:159,1
DA:161,1
DA:167,1
DA:178,0
DA:183,0
DA:185,0
DA:187,0
DA:193,1
DA:194,1
DA:196,1
DA:197,0
DA:200,1
DA:206,1
DA:207,1
DA:210,1
DA:211,0
DA:214,2
DA:215,2
DA:218,0
DA:219,0
DA:220,0
DA:221,0
DA:222,0
DA:225,0
DA:227,0
LF:62
LH:32
end_of_record
SF:lib/src/domain/generator_path.dart
DA:6,0
DA:7,0
DA:12,0
DA:17,0
DA:23,0
LF:5
LH:0
end_of_record
